97.09.12 16:08 B C:\mina\projects\WING\data\rgb\00MAPPING <-- oxygen /disk2/fromAlchemist/usr2/people2/wing/WING/data/rgb 00MAPPING
97.09.12 16:08 B C:\mina\projects\WING\data\rgb\00MAPPING~ <-- oxygen /disk2/fromAlchemist/usr2/people2/wing/WING/data/rgb 00MAPPING~
97.09.12 16:08 B C:\mina\projects\WING\data\rgb\Borden.rgb <-- oxygen /disk2/fromAlchemist/usr2/people2/wing/WING/data/rgb Borden.rgb
97.09.12 16:08 B C:\mina\projects\WING\data\rgb\FujitaUnkoudou.rgb <-- oxygen /disk2/fromAlchemist/usr2/people2/wing/WING/data/rgb FujitaUnkoudou.rgb
97.09.12 16:08 B C:\mina\projects\WING\data\rgb\HoteruFujita.rgb <-- oxygen /disk2/fromAlchemist/usr2/people2/wing/WING/data/rgb HoteruFujita.rgb
97.09.12 16:08 B C:\mina\projects\WING\data\rgb\img0001.rgb <-- oxygen /disk2/fromAlchemist/usr2/people2/wing/WING/data/rgb img0001.rgb
97.09.12 16:08 B C:\mina\projects\WING\data\rgb\img0002.rgb <-- oxygen /disk2/fromAlchemist/usr2/people2/wing/WING/data/rgb img0002.rgb
97.09.12 16:08 B C:\mina\projects\WING\data\rgb\img0003.rgb <-- oxygen /disk2/fromAlchemist/usr2/people2/wing/WING/data/rgb img0003.rgb
97.09.12 16:08 B C:\mina\projects\WING\data\rgb\img0004.rgb <-- oxygen /disk2/fromAlchemist/usr2/people2/wing/WING/data/rgb img0004.rgb
97.09.12 16:08 B C:\mina\projects\WING\data\rgb\img0005.rgb <-- oxygen /disk2/fromAlchemist/usr2/people2/wing/WING/data/rgb img0005.rgb
97.09.12 16:08 B C:\mina\projects\WING\data\rgb\img0006.rgb <-- oxygen /disk2/fromAlchemist/usr2/people2/wing/WING/data/rgb img0006.rgb
97.09.12 16:08 B C:\mina\projects\WING\data\rgb\img0007.rgb <-- oxygen /disk2/fromAlchemist/usr2/people2/wing/WING/data/rgb img0007.rgb
97.09.12 16:08 B C:\mina\projects\WING\data\rgb\img0008.rgb <-- oxygen /disk2/fromAlchemist/usr2/people2/wing/WING/data/rgb img0008.rgb
97.09.12 16:08 B C:\mina\projects\WING\data\rgb\img0009.rgb <-- oxygen /disk2/fromAlchemist/usr2/people2/wing/WING/data/rgb img0009.rgb
97.09.12 16:08 B C:\mina\projects\WING\data\rgb\img0010.rgb <-- oxygen /disk2/fromAlchemist/usr2/people2/wing/WING/data/rgb img0010.rgb
97.09.12 16:08 B C:\mina\projects\WING\data\rgb\img0011.rgb <-- oxygen /disk2/fromAlchemist/usr2/people2/wing/WING/data/rgb img0011.rgb
97.09.12 16:08 B C:\mina\projects\WING\data\rgb\img0012.rgb <-- oxygen /disk2/fromAlchemist/usr2/people2/wing/WING/data/rgb img0012.rgb
97.09.12 16:08 B C:\mina\projects\WING\data\rgb\img0013.rgb <-- oxygen /disk2/fromAlchemist/usr2/people2/wing/WING/data/rgb img0013.rgb
97.09.12 16:08 B C:\mina\projects\WING\data\rgb\img0014.rgb <-- oxygen /disk2/fromAlchemist/usr2/people2/wing/WING/data/rgb img0014.rgb
97.09.12 16:08 B C:\mina\projects\WING\data\rgb\img0015.rgb <-- oxygen /disk2/fromAlchemist/usr2/people2/wing/WING/data/rgb img0015.rgb
97.09.12 16:08 B C:\mina\projects\WING\data\rgb\img0016.rgb <-- oxygen /disk2/fromAlchemist/usr2/people2/wing/WING/data/rgb img0016.rgb
97.09.12 16:08 B C:\mina\projects\WING\data\rgb\img0017.rgb <-- oxygen /disk2/fromAlchemist/usr2/people2/wing/WING/data/rgb img0017.rgb
97.09.12 16:08 B C:\mina\projects\WING\data\rgb\img0018.rgb <-- oxygen /disk2/fromAlchemist/usr2/people2/wing/WING/data/rgb img0018.rgb
97.09.12 16:09 B C:\mina\projects\WING\data\rgb\img0019.rgb <-- oxygen /disk2/fromAlchemist/usr2/people2/wing/WING/data/rgb img0019.rgb
97.09.12 16:09 B C:\mina\projects\WING\data\rgb\img0020.rgb <-- oxygen /disk2/fromAlchemist/usr2/people2/wing/WING/data/rgb img0020.rgb
97.09.12 16:09 B C:\mina\projects\WING\data\rgb\img0021.rgb <-- oxygen /disk2/fromAlchemist/usr2/people2/wing/WING/data/rgb img0021.rgb
97.09.12 16:09 B C:\mina\projects\WING\data\rgb\img0022.rgb <-- oxygen /disk2/fromAlchemist/usr2/people2/wing/WING/data/rgb img0022.rgb
97.09.12 16:09 B C:\mina\projects\WING\data\rgb\img0023.rgb <-- oxygen /disk2/fromAlchemist/usr2/people2/wing/WING/data/rgb img0023.rgb
97.09.12 16:09 B C:\mina\projects\WING\data\rgb\img0024.rgb <-- oxygen /disk2/fromAlchemist/usr2/people2/wing/WING/data/rgb img0024.rgb
97.09.12 16:09 B C:\mina\projects\WING\data\rgb\img0025.rgb <-- oxygen /disk2/fromAlchemist/usr2/people2/wing/WING/data/rgb img0025.rgb
97.09.12 16:09 B C:\mina\projects\WING\data\rgb\img0026.rgb <-- oxygen /disk2/fromAlchemist/usr2/people2/wing/WING/data/rgb img0026.rgb
97.09.12 16:09 B C:\mina\projects\WING\data\rgb\img0027.rgb <-- oxygen /disk2/fromAlchemist/usr2/people2/wing/WING/data/rgb img0027.rgb
97.09.12 16:09 B C:\mina\projects\WING\data\rgb\img0028.rgb <-- oxygen /disk2/fromAlchemist/usr2/people2/wing/WING/data/rgb img0028.rgb
97.09.12 16:09 B C:\mina\projects\WING\data\rgb\img0029.rgb <-- oxygen /disk2/fromAlchemist/usr2/people2/wing/WING/data/rgb img0029.rgb
97.09.12 16:09 B C:\mina\projects\WING\data\rgb\img0030.rgb <-- oxygen /disk2/fromAlchemist/usr2/people2/wing/WING/data/rgb img0030.rgb
97.09.12 16:09 B C:\mina\projects\WING\data\rgb\img0031.rgb <-- oxygen /disk2/fromAlchemist/usr2/people2/wing/WING/data/rgb img0031.rgb
97.09.12 16:09 B C:\mina\projects\WING\data\rgb\img0032.rgb <-- oxygen /disk2/fromAlchemist/usr2/people2/wing/WING/data/rgb img0032.rgb
97.09.12 16:09 B C:\mina\projects\WING\data\rgb\img0033.rgb <-- oxygen /disk2/fromAlchemist/usr2/people2/wing/WING/data/rgb img0033.rgb
97.09.12 16:09 B C:\mina\projects\WING\data\rgb\img0034.rgb <-- oxygen /disk2/fromAlchemist/usr2/people2/wing/WING/data/rgb img0034.rgb
97.09.12 16:09 B C:\mina\projects\WING\data\rgb\img0035.rgb <-- oxygen /disk2/fromAlchemist/usr2/people2/wing/WING/data/rgb img0035.rgb
97.09.12 16:09 B C:\mina\projects\WING\data\rgb\img0036.rgb <-- oxygen /disk2/fromAlchemist/usr2/people2/wing/WING/data/rgb img0036.rgb
97.09.12 16:09 B C:\mina\projects\WING\data\rgb\img0037.rgb <-- oxygen /disk2/fromAlchemist/usr2/people2/wing/WING/data/rgb img0037.rgb
97.09.12 16:09 B C:\mina\projects\WING\data\rgb\img0038.rgb <-- oxygen /disk2/fromAlchemist/usr2/people2/wing/WING/data/rgb img0038.rgb
97.09.12 16:09 B C:\mina\projects\WING\data\rgb\img0039.rgb <-- oxygen /disk2/fromAlchemist/usr2/people2/wing/WING/data/rgb img0039.rgb
97.09.12 16:09 B C:\mina\projects\WING\data\rgb\img0040.rgb <-- oxygen /disk2/fromAlchemist/usr2/people2/wing/WING/data/rgb img0040.rgb
97.09.12 16:09 B C:\mina\projects\WING\data\rgb\img0041.rgb <-- oxygen /disk2/fromAlchemist/usr2/people2/wing/WING/data/rgb img0041.rgb
97.09.12 16:09 B C:\mina\projects\WING\data\rgb\img0042.rgb <-- oxygen /disk2/fromAlchemist/usr2/people2/wing/WING/data/rgb img0042.rgb
97.09.12 16:09 B C:\mina\projects\WING\data\rgb\img0043.rgb <-- oxygen /disk2/fromAlchemist/usr2/people2/wing/WING/data/rgb img0043.rgb
97.09.12 16:09 B C:\mina\projects\WING\data\rgb\img0044.rgb <-- oxygen /disk2/fromAlchemist/usr2/people2/wing/WING/data/rgb img0044.rgb
97.09.12 16:09 B C:\mina\projects\WING\data\rgb\img0045.rgb <-- oxygen /disk2/fromAlchemist/usr2/people2/wing/WING/data/rgb img0045.rgb
97.09.12 16:09 B C:\mina\projects\WING\data\rgb\img0046.rgb <-- oxygen /disk2/fromAlchemist/usr2/people2/wing/WING/data/rgb img0046.rgb
97.09.12 16:09 B C:\mina\projects\WING\data\rgb\img0047.rgb <-- oxygen /disk2/fromAlchemist/usr2/people2/wing/WING/data/rgb img0047.rgb
97.09.12 16:09 B C:\mina\projects\WING\data\rgb\img0048.rgb <-- oxygen /disk2/fromAlchemist/usr2/people2/wing/WING/data/rgb img0048.rgb
97.09.12 16:09 B C:\mina\projects\WING\data\rgb\img0049.rgb <-- oxygen /disk2/fromAlchemist/usr2/people2/wing/WING/data/rgb img0049.rgb
97.09.12 16:09 B C:\mina\projects\WING\data\rgb\img0050.rgb <-- oxygen /disk2/fromAlchemist/usr2/people2/wing/WING/data/rgb img0050.rgb
97.09.12 16:09 B C:\mina\projects\WING\data\rgb\img0051.rgb <-- oxygen /disk2/fromAlchemist/usr2/people2/wing/WING/data/rgb img0051.rgb
97.09.12 16:09 B C:\mina\projects\WING\data\rgb\img0052.rgb <-- oxygen /disk2/fromAlchemist/usr2/people2/wing/WING/data/rgb img0052.rgb
97.09.12 16:09 B C:\mina\projects\WING\data\rgb\img0053.rgb <-- oxygen /disk2/fromAlchemist/usr2/people2/wing/WING/data/rgb img0053.rgb
97.09.12 16:09 B C:\mina\projects\WING\data\rgb\img0054.rgb <-- oxygen /disk2/fromAlchemist/usr2/people2/wing/WING/data/rgb img0054.rgb
97.09.12 16:09 B C:\mina\projects\WING\data\rgb\img0055.rgb <-- oxygen /disk2/fromAlchemist/usr2/people2/wing/WING/data/rgb img0055.rgb
97.09.12 16:09 B C:\mina\projects\WING\data\rgb\img0056.rgb <-- oxygen /disk2/fromAlchemist/usr2/people2/wing/WING/data/rgb img0056.rgb
97.09.12 16:09 B C:\mina\projects\WING\data\rgb\img0057.rgb <-- oxygen /disk2/fromAlchemist/usr2/people2/wing/WING/data/rgb img0057.rgb
97.09.12 16:09 B C:\mina\projects\WING\data\rgb\img0058.rgb <-- oxygen /disk2/fromAlchemist/usr2/people2/wing/WING/data/rgb img0058.rgb
97.09.12 16:09 B C:\mina\projects\WING\data\rgb\img0059.rgb <-- oxygen /disk2/fromAlchemist/usr2/people2/wing/WING/data/rgb img0059.rgb
97.09.12 16:09 B C:\mina\projects\WING\data\rgb\img0060.rgb <-- oxygen /disk2/fromAlchemist/usr2/people2/wing/WING/data/rgb img0060.rgb
97.09.12 16:09 B C:\mina\projects\WING\data\rgb\img0061.rgb <-- oxygen /disk2/fromAlchemist/usr2/people2/wing/WING/data/rgb img0061.rgb
97.09.12 16:09 B C:\mina\projects\WING\data\rgb\img0062.rgb <-- oxygen /disk2/fromAlchemist/usr2/people2/wing/WING/data/rgb img0062.rgb
97.09.12 16:09 B C:\mina\projects\WING\data\rgb\img0063.rgb <-- oxygen /disk2/fromAlchemist/usr2/people2/wing/WING/data/rgb img0063.rgb
97.09.12 16:09 B C:\mina\projects\WING\data\rgb\img0064.rgb <-- oxygen /disk2/fromAlchemist/usr2/people2/wing/WING/data/rgb img0064.rgb
97.09.12 16:09 B C:\mina\projects\WING\data\rgb\img0065.rgb <-- oxygen /disk2/fromAlchemist/usr2/people2/wing/WING/data/rgb img0065.rgb
97.09.12 16:09 B C:\mina\projects\WING\data\rgb\img0066.rgb <-- oxygen /disk2/fromAlchemist/usr2/people2/wing/WING/data/rgb img0066.rgb
97.09.12 16:09 B C:\mina\projects\WING\data\rgb\img0067.rgb <-- oxygen /disk2/fromAlchemist/usr2/people2/wing/WING/data/rgb img0067.rgb
97.09.12 16:09 B C:\mina\projects\WING\data\rgb\img0068.rgb <-- oxygen /disk2/fromAlchemist/usr2/people2/wing/WING/data/rgb img0068.rgb
97.09.12 16:09 B C:\mina\projects\WING\data\rgb\img0069.rgb <-- oxygen /disk2/fromAlchemist/usr2/people2/wing/WING/data/rgb img0069.rgb
97.09.12 16:09 B C:\mina\projects\WING\data\rgb\img0070.rgb <-- oxygen /disk2/fromAlchemist/usr2/people2/wing/WING/data/rgb img0070.rgb
97.09.12 16:09 B C:\mina\projects\WING\data\rgb\img0071.rgb <-- oxygen /disk2/fromAlchemist/usr2/people2/wing/WING/data/rgb img0071.rgb
97.09.12 16:09 B C:\mina\projects\WING\data\rgb\img0072.rgb <-- oxygen /disk2/fromAlchemist/usr2/people2/wing/WING/data/rgb img0072.rgb
97.09.12 16:09 B C:\mina\projects\WING\data\rgb\img0073.rgb <-- oxygen /disk2/fromAlchemist/usr2/people2/wing/WING/data/rgb img0073.rgb
97.09.12 16:09 B C:\mina\projects\WING\data\rgb\img0074.rgb <-- oxygen /disk2/fromAlchemist/usr2/people2/wing/WING/data/rgb img0074.rgb
97.09.12 16:09 B C:\mina\projects\WING\data\rgb\img0075.rgb <-- oxygen /disk2/fromAlchemist/usr2/people2/wing/WING/data/rgb img0075.rgb
97.09.12 16:09 B C:\mina\projects\WING\data\rgb\img0076.rgb <-- oxygen /disk2/fromAlchemist/usr2/people2/wing/WING/data/rgb img0076.rgb
97.09.12 16:09 B C:\mina\projects\WING\data\rgb\img0077.rgb <-- oxygen /disk2/fromAlchemist/usr2/people2/wing/WING/data/rgb img0077.rgb
97.09.12 16:09 B C:\mina\projects\WING\data\rgb\img0078.rgb <-- oxygen /disk2/fromAlchemist/usr2/people2/wing/WING/data/rgb img0078.rgb
97.09.12 16:09 B C:\mina\projects\WING\data\rgb\img0079.rgb <-- oxygen /disk2/fromAlchemist/usr2/people2/wing/WING/data/rgb img0079.rgb
97.09.12 16:09 B C:\mina\projects\WING\data\rgb\img0080.rgb <-- oxygen /disk2/fromAlchemist/usr2/people2/wing/WING/data/rgb img0080.rgb
97.09.12 16:09 B C:\mina\projects\WING\data\rgb\img0081.rgb <-- oxygen /disk2/fromAlchemist/usr2/people2/wing/WING/data/rgb img0081.rgb
97.09.12 16:09 B C:\mina\projects\WING\data\rgb\img0082.rgb <-- oxygen /disk2/fromAlchemist/usr2/people2/wing/WING/data/rgb img0082.rgb
97.09.12 16:09 B C:\mina\projects\WING\data\rgb\img0083.rgb <-- oxygen /disk2/fromAlchemist/usr2/people2/wing/WING/data/rgb img0083.rgb
97.09.12 16:09 B C:\mina\projects\WING\data\rgb\img0084.rgb <-- oxygen /disk2/fromAlchemist/usr2/people2/wing/WING/data/rgb img0084.rgb
97.09.12 16:09 B C:\mina\projects\WING\data\rgb\img0085.rgb <-- oxygen /disk2/fromAlchemist/usr2/people2/wing/WING/data/rgb img0085.rgb
97.09.12 16:09 B C:\mina\projects\WING\data\rgb\img0086.rgb <-- oxygen /disk2/fromAlchemist/usr2/people2/wing/WING/data/rgb img0086.rgb
97.09.12 16:09 B C:\mina\projects\WING\data\rgb\img0087.rgb <-- oxygen /disk2/fromAlchemist/usr2/people2/wing/WING/data/rgb img0087.rgb
97.09.12 16:09 B C:\mina\projects\WING\data\rgb\img0088.rgb <-- oxygen /disk2/fromAlchemist/usr2/people2/wing/WING/data/rgb img0088.rgb
97.09.12 16:09 B C:\mina\projects\WING\data\rgb\img0089.rgb <-- oxygen /disk2/fromAlchemist/usr2/people2/wing/WING/data/rgb img0089.rgb
97.09.12 16:09 B C:\mina\projects\WING\data\rgb\img0090.rgb <-- oxygen /disk2/fromAlchemist/usr2/people2/wing/WING/data/rgb img0090.rgb
97.09.12 16:09 B C:\mina\projects\WING\data\rgb\img0091.rgb <-- oxygen /disk2/fromAlchemist/usr2/people2/wing/WING/data/rgb img0091.rgb
97.09.12 16:09 B C:\mina\projects\WING\data\rgb\Kashiwagi.rgb <-- oxygen /disk2/fromAlchemist/usr2/people2/wing/WING/data/rgb Kashiwagi.rgb
97.09.12 16:09 B C:\mina\projects\WING\data\rgb\Mantourou.rgb <-- oxygen /disk2/fromAlchemist/usr2/people2/wing/WING/data/rgb Mantourou.rgb
97.09.12 16:09 B C:\mina\projects\WING\data\rgb\Masui.rgb <-- oxygen /disk2/fromAlchemist/usr2/people2/wing/WING/data/rgb Masui.rgb
97.09.12 16:09 B C:\mina\projects\WING\data\rgb\Minakuchi.rgb <-- oxygen /disk2/fromAlchemist/usr2/people2/wing/WING/data/rgb Minakuchi.rgb
97.09.12 16:09 B C:\mina\projects\WING\data\rgb\Shiomi.rgb <-- oxygen /disk2/fromAlchemist/usr2/people2/wing/WING/data/rgb Shiomi.rgb
97.09.12 16:09 B C:\mina\projects\WING\data\rgb\WING.rgb <-- oxygen /disk2/fromAlchemist/usr2/people2/wing/WING/data/rgb WING.rgb
